timestamp: 2018-05-01T00:57:58.560000
CREATE TABLE "auth_user"(
    "id" INTEGER PRIMARY KEY AUTOINCREMENT,
    "first_name" CHAR(128),
    "last_name" CHAR(128),
    "email" CHAR(512),
    "password" CHAR(512),
    "registration_key" CHAR(512),
    "reset_password_key" CHAR(512),
    "registration_id" CHAR(512)
);
success!
timestamp: 2018-05-01T00:57:58.737000
CREATE TABLE "auth_group"(
    "id" INTEGER PRIMARY KEY AUTOINCREMENT,
    "role" CHAR(512),
    "description" TEXT
);
success!
timestamp: 2018-05-01T00:57:58.986000
CREATE TABLE "auth_membership"(
    "id" INTEGER PRIMARY KEY AUTOINCREMENT,
    "user_id" INTEGER REFERENCES "auth_user" ("id") ON DELETE CASCADE  ,
    "group_id" INTEGER REFERENCES "auth_group" ("id") ON DELETE CASCADE  
);
success!
timestamp: 2018-05-01T00:57:59.238000
CREATE TABLE "auth_permission"(
    "id" INTEGER PRIMARY KEY AUTOINCREMENT,
    "group_id" INTEGER REFERENCES "auth_group" ("id") ON DELETE CASCADE  ,
    "name" CHAR(512),
    "table_name" CHAR(512),
    "record_id" INTEGER
);
success!
timestamp: 2018-05-01T00:57:59.344000
CREATE TABLE "auth_event"(
    "id" INTEGER PRIMARY KEY AUTOINCREMENT,
    "time_stamp" TIMESTAMP,
    "client_ip" CHAR(512),
    "user_id" INTEGER REFERENCES "auth_user" ("id") ON DELETE CASCADE  ,
    "origin" CHAR(512),
    "description" TEXT
);
success!
timestamp: 2018-05-01T00:57:59.492000
CREATE TABLE "auth_cas"(
    "id" INTEGER PRIMARY KEY AUTOINCREMENT,
    "user_id" INTEGER REFERENCES "auth_user" ("id") ON DELETE CASCADE  ,
    "created_on" TIMESTAMP,
    "service" CHAR(512),
    "ticket" CHAR(512),
    "renew" CHAR(1)
);
success!
timestamp: 2018-05-17T15:55:36.714189
CREATE TABLE "menu"(
    "id" INTEGER PRIMARY KEY AUTOINCREMENT,
    "name" CHAR(512),
    "price" CHAR(512),
    "allergens" CHAR(512),
    "image" CHAR(512),
    "description" CHAR(512),
    "nutrition" CHAR(512),
    "category" CHAR(512),
    "ingredients" CHAR(512),
    "is_featured" CHAR(512)
);
success!
timestamp: 2018-05-17T15:56:32.065897
CREATE TABLE "account"(
    "id" INTEGER PRIMARY KEY AUTOINCREMENT,
    "name" CHAR(512),
    "email" CHAR(512),
    "is_student" CHAR(512),
    "phone_num" CHAR(512),
    "order_hist" CHAR(512),
    "cc_num" CHAR(512),
    "cc_exp" CHAR(512),
    "cc_cvc" CHAR(512),
    "cc_name" CHAR(512),
    "cc_address" CHAR(512),
    "log_info" CHAR(512)
);
success!
timestamp: 2018-05-17T15:56:43.206027
CREATE TABLE "orders"(
    "id" INTEGER PRIMARY KEY AUTOINCREMENT,
    "user_email" CHAR(512),
    "item_id" CHAR(512),
    "comments" CHAR(512),
    "updated_on" CHAR(512)
);
success!
timestamp: 2018-05-22T16:13:51.772223
CREATE TABLE "menu_data"(
    "id" INTEGER PRIMARY KEY AUTOINCREMENT,
    "menu_id" INTEGER REFERENCES "menu" ("id") ON DELETE CASCADE  ,
    "original_filename" CHAR(512),
    "data_blob" BLOB,
    "mime_type" CHAR(512)
);
success!
timestamp: 2018-05-24T16:35:06.325198
CREATE TABLE "menuItems"(
    "id" INTEGER PRIMARY KEY AUTOINCREMENT,
    "name" CHAR(512),
    "price" CHAR(512),
    "allergens" CHAR(512),
    "image" CHAR(512),
    "description" CHAR(512),
    "nutrition" CHAR(512),
    "category" CHAR(512),
    "ingredients" CHAR(512),
    "is_featured" CHAR(512)
);
success!
timestamp: 2018-05-24T16:35:36.877096
CREATE TABLE "menuItems_data"(
    "id" INTEGER PRIMARY KEY AUTOINCREMENT,
    "menu_id" INTEGER REFERENCES "menuItems" ("id") ON DELETE CASCADE  ,
    "original_filename" CHAR(512),
    "data_blob" BLOB,
    "mime_type" CHAR(512)
);
success!
timestamp: 2018-06-05T14:47:31.349047
CREATE TABLE "myuser"(
    "id" INTEGER PRIMARY KEY AUTOINCREMENT,
    "username" CHAR(512),
    "password" CHAR(512),
    "token" CHAR(512)
);
success!
